<?xml version="1.0" encoding="UTF-8" ?>
<testsuite tests="1" failures="0" name="TestSuite" time="0.153" errors="0" skipped="0">
  <properties>
    <property name="JOB_NAME" value="MavenTestPtroject"/>
    <property name="java.vendor" value="Oracle Corporation"/>
    <property name="sun.java.launcher" value="SUN_STANDARD"/>
    <property name="RUN_TESTS_DISPLAY_URL" value="http://localhost:8081/job/MavenTestPtroject/39/display/redirect?page=tests"/>
    <property name="NUMBER_OF_PROCESSORS" value="8"/>
    <property name="sun.management.compiler" value="HotSpot 64-Bit Tiered Compilers"/>
    <property name="JENKINS_HOME" value="C:\Windows\system32\config\systemprofile\AppData\Local\Jenkins\.jenkins"/>
    <property name="HUDSON_SERVER_COOKIE" value="d5a62e4502fc91b9"/>
    <property name="POM_ARTIFACTID" value="newproject"/>
    <property name="os.name" value="Windows 10"/>
    <property name="EXECUTOR_NUMBER" value="0"/>
    <property name="PATHEXT" value=".COM;.EXE;.BAT;.CMD;.VBS;.VBE;.JS;.JSE;.WSF;.WSH;.MSC;.PY;.PYW"/>
    <property name="POM_DISPLAYNAME" value="newproject"/>
    <property name="java.vm.specification.vendor" value="Oracle Corporation"/>
    <property name="TEMP" value="C:\Windows\TEMP"/>
    <property name="NODE_LABELS" value="master"/>
    <property name="java.runtime.version" value="16.0.1+9-24"/>
    <property name="WINSW_SERVICE_ID" value="jenkins"/>
    <property name="user.name" value="DESKTOP-HMT9ECQ$"/>
    <property name="guice.disable.misplaced.annotation.check" value="true"/>
    <property name="CommonProgramW6432" value="C:\Program Files\Common Files"/>
    <property name="ProgramFiles" value="C:\Program Files"/>
    <property name="user.language" value="en"/>
    <property name="M2" value="C:\Program Files\apache-maven-3.8.1\bin\bin"/>
    <property name="JOB_BASE_NAME" value="MavenTestPtroject"/>
    <property name="RUN_CHANGES_DISPLAY_URL" value="http://localhost:8081/job/MavenTestPtroject/39/display/redirect?page=changes"/>
    <property name="BUILD_DISPLAY_NAME" value="#39"/>
    <property name="sun.boot.library.path" value="C:\Program Files\Java\jdk-16.0.1\bin"/>
    <property name="java.vm.compressedOopsMode" value="Zero based"/>
    <property name="LOCALAPPDATA" value="C:\Windows\system32\config\systemprofile\AppData\Local"/>
    <property name="java.version" value="16.0.1"/>
    <property name="user.timezone" value="Europe/Budapest"/>
    <property name="PROCESSOR_LEVEL" value="6"/>
    <property name="USERNAME" value="DESKTOP-HMT9ECQ$"/>
    <property name="GPU_MAX_ALLOC_PERCENT" value="100"/>
    <property name="sun.arch.data.model" value="64"/>
    <property name="NODE_NAME" value="master"/>
    <property name="BUILD_ID" value="39"/>
    <property name="sun.cpu.isalist" value="amd64"/>
    <property name="sun.jnu.encoding" value="Cp1252"/>
    <property name="maven.conf" value="C:\Windows\System32\config\systemprofile\AppData\Local\Jenkins\.jenkins\tools\hudson.tasks.Maven_MavenInstallation\TestMaven\conf"/>
    <property name="file.separator" value="\"/>
    <property name="java.specification.name" value="Java Platform API Specification"/>
    <property name="java.class.version" value="60.0"/>
    <property name="org.slf4j.simpleLogger.defaultLogLevel" value="info"/>
    <property name="JRE_HOME" value="C:\Program Files\Java\jre1.8.0_291"/>
    <property name="user.country" value="US"/>
    <property name="ALLUSERSPROFILE" value="C:\ProgramData"/>
    <property name="java.home" value="C:\Program Files\Java\jdk-16.0.1"/>
    <property name="java.vm.info" value="mixed mode, sharing"/>
    <property name="os.version" value="10.0"/>
    <property name="GPU_MAX_HEAP_SIZE" value="100"/>
    <property name="RUN_DISPLAY_URL" value="http://localhost:8081/job/MavenTestPtroject/39/display/redirect"/>
    <property name="POM_VERSION" value="0.0.1-SNAPSHOT"/>
    <property name="TMP" value="C:\Windows\TEMP"/>
    <property name="path.separator" value=";"/>
    <property name="RUN_ARTIFACTS_DISPLAY_URL" value="http://localhost:8081/job/MavenTestPtroject/39/display/redirect?page=artifacts"/>
    <property name="java.vm.version" value="16.0.1+9-24"/>
    <property name="user.variant" value=""/>
    <property name="CommonProgramFiles(x86)" value="C:\Program Files (x86)\Common Files"/>
    <property name="JOB_DISPLAY_URL" value="http://localhost:8081/job/MavenTestPtroject/display/redirect"/>
    <property name="CommonProgramFiles" value="C:\Program Files\Common Files"/>
    <property name="sun.io.unicode.encoding" value="UnicodeLittle"/>
    <property name="JAVA_HOME" value="C:\Program Files\Java\jdk-16.0.1\"/>
    <property name="ComSpec" value="C:\Windows\system32\cmd.exe"/>
    <property name="POM_PACKAGING" value="jar"/>
    <property name="SERVICE_ID" value="jenkins"/>
    <property name="COMPUTERNAME" value="DESKTOP-HMT9ECQ"/>
    <property name="user.script" value=""/>
    <property name="VBOX_MSI_INSTALL_PATH" value="C:\Program Files\Oracle\VirtualBox\"/>
    <property name="POM_GROUPID" value="itbootcamp.test"/>
    <property name="user.home" value="C:\Windows\system32\config\systemprofile"/>
    <property name="PUBLIC" value="C:\Users\Public"/>
    <property name="BUILD_TAG" value="jenkins-MavenTestPtroject-39"/>
    <property name="JENKINS_SERVER_COOKIE" value="d5a62e4502fc91b9"/>
    <property name="HUDSON_URL" value="http://localhost:8081/"/>
    <property name="ProgramData" value="C:\ProgramData"/>
    <property name="java.version.date" value="2021-04-20"/>
    <property name="java.specification.vendor" value="Oracle Corporation"/>
    <property name="USERPROFILE" value="C:\Windows\system32\config\systemprofile"/>
    <property name="CLASSPATH" value=""/>
    <property name="java.library.path" value="C:\Program Files\Java\jdk-16.0.1\bin;C:\Windows\Sun\Java\bin;C:\Windows\system32;C:\Windows;C:\Windows\system32\config\systemprofile\AppData\Local\Jenkins\.jenkins\tools\hudson.tasks.Maven_MavenInstallation\TestMaven/bin;C:\Program Files\Java\jdk-16.0.1\/bin;C:\Program Files\Java\jdk-16.0.1\/bin;C:\Program Files\Java\jdk-16.0.1\bin;C:\Program Files\apache-maven-3.8.1\bin;C:\Program Files\apache-maven-3.8.1\bin\bin;C:\Program Files\Java\jdk-16.0.1\bin;C:\Program Files\Java\jre1.8.0_291;C:\Program Files\Common Files\Oracle\Java\javapath;C:\Program Files (x86)\Common Files\Oracle\Java\javapath;C:\Program Files\Java\jdk1.8.0_291\bin;C:\Python39\Scripts\;C:\Python39\;C:\Windows\system32;C:\Windows;C:\Windows\System32\Wbem;C:\Windows\System32\WindowsPowerShell\v1.0\;C:\Windows\System32\OpenSSH\;C:\ProgramData\chocolatey\bin;C:\Program Files\Git\cmd;C:\Android\platform-tools;C:\Android\scrcpy;C:\Android\sndcpy;C:\Program Files (x86)\NVIDIA Corporation\PhysX\Common;C:\Program Files (x86)\Intel\Intel(R) Management Engine Components\DAL;C:\Program Files\Intel\Intel(R) Management Engine Components\DAL;C:\Program Files\nodejs\;C:\Program Files\Docker\Docker\resources\bin;C:\ProgramData\DockerDesktop\version-bin;C:\Windows\system32\config\systemprofile\AppData\Local\Microsoft\WindowsApps;."/>
    <property name="java.vendor.url" value="https://java.oracle.com/"/>
    <property name="java.vm.vendor" value="Oracle Corporation"/>
    <property name="APPDATA" value="C:\Windows\system32\config\systemprofile\AppData\Roaming"/>
    <property name="java.runtime.name" value="Java(TM) SE Runtime Environment"/>
    <property name="maven.home" value="C:\Windows\System32\config\systemprofile\AppData\Local\Jenkins\.jenkins\tools\hudson.tasks.Maven_MavenInstallation\TestMaven"/>
    <property name="java.class.path" value="C:\Windows\system32\config\systemprofile\AppData\Local\Jenkins\.jenkins\plugins\maven-plugin\WEB-INF\lib\maven35-agent-1.13.jar;C:\Windows\system32\config\systemprofile\AppData\Local\Jenkins\.jenkins\tools\hudson.tasks.Maven_MavenInstallation\TestMaven\boot\plexus-classworlds-2.6.0.jar;C:\Windows\system32\config\systemprofile\AppData\Local\Jenkins\.jenkins\tools\hudson.tasks.Maven_MavenInstallation\TestMaven/conf/logging"/>
    <property name="sun.java.command" value="jenkins.maven3.agent.Maven35Main C:\Windows\system32\config\systemprofile\AppData\Local\Jenkins\.jenkins\tools\hudson.tasks.Maven_MavenInstallation\TestMaven C:\Windows\System32\config\systemprofile\AppData\Local\Jenkins\war\WEB-INF\lib\remoting-4.7.jar C:\Windows\system32\config\systemprofile\AppData\Local\Jenkins\.jenkins\plugins\maven-plugin\WEB-INF\lib\maven35-interceptor-1.13.jar C:\Windows\system32\config\systemprofile\AppData\Local\Jenkins\.jenkins\plugins\maven-plugin\WEB-INF\lib\maven3-interceptor-commons-1.13.jar 64178"/>
    <property name="Path" value="C:\Program Files\Java\jdk-16.0.1\/bin;C:\Program Files\Java\jdk-16.0.1\bin;C:\Program Files\apache-maven-3.8.1\bin;C:\Program Files\apache-maven-3.8.1\bin\bin;C:\Program Files\Java\jdk-16.0.1\bin;C:\Program Files\Java\jre1.8.0_291;C:\Program Files\Common Files\Oracle\Java\javapath;C:\Program Files (x86)\Common Files\Oracle\Java\javapath;C:\Program Files\Java\jdk1.8.0_291\bin;C:\Python39\Scripts\;C:\Python39\;C:\Windows\system32;C:\Windows;C:\Windows\System32\Wbem;C:\Windows\System32\WindowsPowerShell\v1.0\;C:\Windows\System32\OpenSSH\;C:\ProgramData\chocolatey\bin;C:\Program Files\Git\cmd;C:\Android\platform-tools;C:\Android\scrcpy;C:\Android\sndcpy;C:\Program Files (x86)\NVIDIA Corporation\PhysX\Common;C:\Program Files (x86)\Intel\Intel(R) Management Engine Components\DAL;C:\Program Files\Intel\Intel(R) Management Engine Components\DAL;C:\Program Files\nodejs\;C:\Program Files\Docker\Docker\resources\bin;C:\ProgramData\DockerDesktop\version-bin;C:\Windows\system32\config\systemprofile\AppData\Local\Microsoft\WindowsApps"/>
    <property name="SAN_DIR" value="C:\Program Files\SiSoftware\SiSoftware Sandra Lite 2021"/>
    <property name="jdk.debug" value="release"/>
    <property name="PROCESSOR_ARCHITECTURE" value="AMD64"/>
    <property name="java.vm.specification.name" value="Java Virtual Machine Specification"/>
    <property name="PATH+JDK" value="C:\Program Files\Java\jdk-16.0.1\/bin"/>
    <property name="PROCESSOR_IDENTIFIER" value="Intel64 Family 6 Model 94 Stepping 3, GenuineIntel"/>
    <property name="java.vm.specification.version" value="16"/>
    <property name="NODE_HOME" value="C:\Program Files\nodejs"/>
    <property name="M2_HOME" value="C:\Windows\system32\config\systemprofile\AppData\Local\Jenkins\.jenkins\tools\hudson.tasks.Maven_MavenInstallation\TestMaven"/>
    <property name="sun.cpu.endian" value="little"/>
    <property name="sun.os.patch.level" value=""/>
    <property name="OS" value="Windows_NT"/>
    <property name="CI" value="true"/>
    <property name="java.io.tmpdir" value="C:\Windows\TEMP\"/>
    <property name="HUDSON_HOME" value="C:\Windows\system32\config\systemprofile\AppData\Local\Jenkins\.jenkins"/>
    <property name="PATH+MAVEN" value="C:\Windows\system32\config\systemprofile\AppData\Local\Jenkins\.jenkins\tools\hudson.tasks.Maven_MavenInstallation\TestMaven/bin"/>
    <property name="ProgramFiles(x86)" value="C:\Program Files (x86)"/>
    <property name="java.vendor.url.bug" value="https://bugreport.java.com/bugreport/"/>
    <property name="BUILD_URL" value="http://localhost:8081/job/MavenTestPtroject/39/"/>
    <property name="GPU_SINGLE_ALLOC_PERCENT" value="100"/>
    <property name="SystemRoot" value="C:\Windows"/>
    <property name="os.arch" value="amd64"/>
    <property name="user.dir" value="C:\Users\Dell\eclipse-workspace\newproject"/>
    <property name="JOB_URL" value="http://localhost:8081/job/MavenTestPtroject/"/>
    <property name="USERDOMAIN" value="WORKGROUP"/>
    <property name="MAVEN_HOME" value="C:\Windows\system32\config\systemprofile\AppData\Local\Jenkins\.jenkins\tools\hudson.tasks.Maven_MavenInstallation\TestMaven"/>
    <property name="line.separator" value="
"/>
    <property name="java.vm.name" value="Java HotSpot(TM) 64-Bit Server VM"/>
    <property name="BASE" value="C:\Program Files\Jenkins"/>
    <property name="BUILD_NUMBER" value="39"/>
    <property name="PROCESSOR_REVISION" value="5e03"/>
    <property name="CYPRESS_RUN_BINARY" value="C:\Users\Dell\AppData\Local\Cypress\Cache\7.6.0\Cypress\Cypress.exe"/>
    <property name="JENKINS_URL" value="http://localhost:8081/"/>
    <property name="ProgramW6432" value="C:\Program Files"/>
    <property name="windir" value="C:\Windows"/>
    <property name="file.encoding" value="Cp1252"/>
    <property name="SystemDrive" value="C:"/>
    <property name="maven3.interceptor" value="C:\Windows\system32\config\systemprofile\AppData\Local\Jenkins\.jenkins\plugins\maven-plugin\WEB-INF\lib\maven35-interceptor-1.13.jar"/>
    <property name="WORKSPACE_TMP" value="C:\Windows\system32\config\systemprofile\AppData\Local\Jenkins\.jenkins\workspace\MavenTestPtroject@tmp"/>
    <property name="WORKSPACE" value="C:\Windows\system32\config\systemprofile\AppData\Local\Jenkins\.jenkins\workspace\MavenTestPtroject"/>
    <property name="ChocolateyInstall" value="C:\ProgramData\chocolatey"/>
    <property name="maven3.interceptor.common" value="C:\Windows\system32\config\systemprofile\AppData\Local\Jenkins\.jenkins\plugins\maven-plugin\WEB-INF\lib\maven3-interceptor-commons-1.13.jar"/>
    <property name="WINSW_EXECUTABLE" value="C:\Program Files\Jenkins\jenkins.exe"/>
    <property name="PSModulePath" value="C:\Program Files\WindowsPowerShell\Modules;C:\Windows\system32\WindowsPowerShell\v1.0\Modules"/>
    <property name="java.specification.version" value="16"/>
    <property name="DriverData" value="C:\Windows\System32\Drivers\DriverData"/>
  </properties>
  <testcase classname="sign.ScreenTest" name="testScreenSh" time="0.153"/>
</testsuite>