<?xml version="1.0" encoding="UTF-8"?>
<!-- Generated by org.testng.reporters.JUnitReportReporter -->
<testsuite hostname="DESKTOP-HMT9ECQ" failures="0" tests="1" name="sign.ScreenTest" time="0.786" errors="0" timestamp="2021-07-09T10:59:37 CEST" skipped="0">
  <testcase classname="sign.ScreenTest" name="testScreenSh" time="0.786"/>
  <system-out/>
</testsuite> <!-- sign.ScreenTest -->
