<?xml version="1.0" encoding="UTF-8"?>
<!-- Generated by org.testng.reporters.JUnitReportReporter -->
<testsuite hostname="DESKTOP-HMT9ECQ" failures="0" tests="1" name="sign.ScreenTest" time="0.641" errors="0" timestamp="2021-07-12T11:50:55 CEST" skipped="0">
  <testcase classname="sign.ScreenTest" name="testScreenSh" time="0.641"/>
  <system-out/>
</testsuite> <!-- sign.ScreenTest -->
